c:\users\47900\documents\visual studio 2015\projects\lukasz m\gk_grupa3_mlynarski_lukasz_2\gk_grupa3_mlynarski_lukasz_2\debug\vc140.pdb
c:\users\47900\documents\visual studio 2015\projects\lukasz m\gk_grupa3_mlynarski_lukasz_2\gk_grupa3_mlynarski_lukasz_2\debug\vc140.idb
c:\users\47900\documents\visual studio 2015\projects\lukasz m\gk_grupa3_mlynarski_lukasz_2\gk_grupa3_mlynarski_lukasz_2\debug\main.obj
c:\users\47900\documents\visual studio 2015\projects\lukasz m\gk_grupa3_mlynarski_lukasz_2\gk_grupa3_mlynarski_lukasz_2\debug\vectormath.obj
e:\lukasz m\gk_grupa3_mlynarski_lukasz_2\gk_grupa3_mlynarski_lukasz_2\debug\vc141.pdb
e:\lukasz m\gk_grupa3_mlynarski_lukasz_2\gk_grupa3_mlynarski_lukasz_2\debug\vc141.idb
e:\lukasz m\gk_grupa3_mlynarski_lukasz_2\gk_grupa3_mlynarski_lukasz_2\debug\main.obj
e:\lukasz m\gk_grupa3_mlynarski_lukasz_2\gk_grupa3_mlynarski_lukasz_2\debug\vectormath.obj
e:\lukasz m\gk_grupa3_mlynarski_lukasz_2\gk_grupa3_mlynarski_lukasz_2\debug\vc140.idb
e:\lukasz m\gk_grupa3_mlynarski_lukasz_2\gk_grupa3_mlynarski_lukasz_2\debug\vc140.pdb
e:\lukasz m\gk_grupa3_mlynarski_lukasz_2\debug\gk_grupa3_mlynarski_lukasz_2.pdb
e:\lukasz m\gk_grupa3_mlynarski_lukasz_2\gk_grupa3_mlynarski_lukasz_2\debug\gk_grupa.e76d9b62.tlog\cl.command.1.tlog
e:\lukasz m\gk_grupa3_mlynarski_lukasz_2\gk_grupa3_mlynarski_lukasz_2\debug\gk_grupa.e76d9b62.tlog\cl.read.1.tlog
e:\lukasz m\gk_grupa3_mlynarski_lukasz_2\gk_grupa3_mlynarski_lukasz_2\debug\gk_grupa.e76d9b62.tlog\cl.write.1.tlog
e:\lukasz m\gk_grupa3_mlynarski_lukasz_2\gk_grupa3_mlynarski_lukasz_2\debug\gk_grupa.e76d9b62.tlog\link-cvtres.read.1.tlog
e:\lukasz m\gk_grupa3_mlynarski_lukasz_2\gk_grupa3_mlynarski_lukasz_2\debug\gk_grupa.e76d9b62.tlog\link-cvtres.write.1.tlog
e:\lukasz m\gk_grupa3_mlynarski_lukasz_2\gk_grupa3_mlynarski_lukasz_2\debug\gk_grupa.e76d9b62.tlog\link-rc.read.1.tlog
e:\lukasz m\gk_grupa3_mlynarski_lukasz_2\gk_grupa3_mlynarski_lukasz_2\debug\gk_grupa.e76d9b62.tlog\link-rc.write.1.tlog
e:\lukasz m\gk_grupa3_mlynarski_lukasz_2\gk_grupa3_mlynarski_lukasz_2\debug\gk_grupa.e76d9b62.tlog\link.command.1.tlog
e:\lukasz m\gk_grupa3_mlynarski_lukasz_2\gk_grupa3_mlynarski_lukasz_2\debug\gk_grupa.e76d9b62.tlog\link.delete.1.tlog
e:\lukasz m\gk_grupa3_mlynarski_lukasz_2\gk_grupa3_mlynarski_lukasz_2\debug\gk_grupa.e76d9b62.tlog\link.read.1.tlog
e:\lukasz m\gk_grupa3_mlynarski_lukasz_2\gk_grupa3_mlynarski_lukasz_2\debug\gk_grupa.e76d9b62.tlog\link.write.1.tlog
